Adding in variants from internal_defaults
WARNING: No numpy version specified in conda_build_config.yaml.  Falling back to default numpy value of 1.26
WARNING: Number of parsed outputs does not match detected raw metadata blocks. Identified output block may be wrong! If you are using Jinja conditionals to include or exclude outputs, consider using `skip: true  # [condition]` instead.
Attempting to finalize metadata for cvannotate
/opt/conda/lib/python3.12/site-packages/conda/base/context.py:211: FutureWarning: Adding 'defaults' to channel list implicitly is deprecated and will be removed in 25.9. 

To remove this warning, please choose a default channel explicitly with conda's regular configuration system, e.g. by adding 'defaults' to the list of channels:

  conda config --add channels defaults

For more information see https://docs.conda.io/projects/conda/en/stable/user-guide/configuration/use-condarc.html

  deprecated.topic(
Reloading output folder: ...working... done
Getting pinned dependencies: ...working... done
Reloading output folder: ...working... done
Getting pinned dependencies: ...working... done
BUILD START: ['cvannotate-0.1.0-py_0.conda']
Reloading output folder: ...working... done
Solving environment (_h_env): ...working... done

## Package Plan ##

  environment location: /opt/conda/conda-bld/cvannotate_1749582799274/_h_env_placehold_placehold_placehold_placehold_placehold_placehold_placehold_placehold_placehold_placehold_placehold_placehold_placehold_placehold_placehold_placehold_placehold_placehold_placehold_placehold_pl


The following NEW packages will be INSTALLED:

    _libgcc_mutex:    0.1-main                 
    _openmp_mutex:    5.1-1_gnu                
    bzip2:            1.0.8-h5eee18b_6         
    ca-certificates:  2025.2.25-h06a4308_0     
    expat:            2.7.1-h6a678d5_0         
    ld_impl_linux-64: 2.40-h12ee557_0          
    libffi:           3.4.4-h6a678d5_1         
    libgcc-ng:        11.2.0-h1234567_1        
    libgomp:          11.2.0-h1234567_1        
    libmpdec:         4.0.0-h5eee18b_0         
    libstdcxx-ng:     11.2.0-h1234567_1        
    libuuid:          1.41.5-h5eee18b_0        
    libxcb:           1.17.0-h9b100fa_0        
    ncurses:          6.4-h6a678d5_0           
    openssl:          3.0.16-h5eee18b_0        
    pip:              25.1-pyhc872135_2        
    pthread-stubs:    0.3-h0ce48e5_1           
    python:           3.13.4-h4612cfd_100_cp313
    python_abi:       3.13-0_cp313             
    readline:         8.2-h5eee18b_0           
    setuptools:       78.1.1-py313h06a4308_0   
    sqlite:           3.45.3-h5eee18b_0        
    tk:               8.6.14-h993c535_1        
    tzdata:           2025b-h04d1e81_0         
    wheel:            0.45.1-py313h06a4308_0   
    xorg-libx11:      1.8.12-h9b100fa_1        
    xorg-libxau:      1.0.12-h9b100fa_0        
    xorg-libxdmcp:    1.1.5-h9b100fa_0         
    xorg-xorgproto:   2024.1-h5eee18b_1        
    xz:               5.6.4-h5eee18b_1         
    zlib:             1.2.13-h5eee18b_1        

Preparing transaction: ...working... done
Verifying transaction: ...working... done
Executing transaction: ...working... done
Reloading output folder: ...working... done
Solving environment (_test_env): ...working... done
  Running command Preparing metadata (pyproject.toml)
  running dist_info
  creating /tmp/pip-modern-metadata-hyqka5g2/cvannotate.egg-info
  writing /tmp/pip-modern-metadata-hyqka5g2/cvannotate.egg-info/PKG-INFO
  writing dependency_links to /tmp/pip-modern-metadata-hyqka5g2/cvannotate.egg-info/dependency_links.txt
  writing entry points to /tmp/pip-modern-metadata-hyqka5g2/cvannotate.egg-info/entry_points.txt
  writing requirements to /tmp/pip-modern-metadata-hyqka5g2/cvannotate.egg-info/requires.txt
  writing top-level names to /tmp/pip-modern-metadata-hyqka5g2/cvannotate.egg-info/top_level.txt
  writing manifest file '/tmp/pip-modern-metadata-hyqka5g2/cvannotate.egg-info/SOURCES.txt'
  reading manifest file '/tmp/pip-modern-metadata-hyqka5g2/cvannotate.egg-info/SOURCES.txt'
  adding license file 'LICENSE'
  writing manifest file '/tmp/pip-modern-metadata-hyqka5g2/cvannotate.egg-info/SOURCES.txt'
  creating '/tmp/pip-modern-metadata-hyqka5g2/cvannotate-0.1.0.dist-info'
  Running command Building wheel for cvannotate (pyproject.toml)
  running bdist_wheel
  running build
  running build_py
  creating build/lib/cvannotate
  copying cvannotate/types.py -> build/lib/cvannotate
  copying cvannotate/convert.py -> build/lib/cvannotate
  copying cvannotate/__init__.py -> build/lib/cvannotate
  copying cvannotate/cli.py -> build/lib/cvannotate
  creating build/lib/cvannotate/converters
  copying cvannotate/converters/voc.py -> build/lib/cvannotate/converters
  copying cvannotate/converters/coco.py -> build/lib/cvannotate/converters
  copying cvannotate/converters/__init__.py -> build/lib/cvannotate/converters
  copying cvannotate/converters/yolo.py -> build/lib/cvannotate/converters
  running egg_info
  writing cvannotate.egg-info/PKG-INFO
  writing dependency_links to cvannotate.egg-info/dependency_links.txt
  writing entry points to cvannotate.egg-info/entry_points.txt
  writing requirements to cvannotate.egg-info/requires.txt
  writing top-level names to cvannotate.egg-info/top_level.txt
  reading manifest file 'cvannotate.egg-info/SOURCES.txt'
  adding license file 'LICENSE'
  writing manifest file 'cvannotate.egg-info/SOURCES.txt'
  warning: build_py: byte-compiling is disabled, skipping.

  installing to build/bdist.linux-x86_64/wheel
  running install
  running install_lib
  creating build/bdist.linux-x86_64/wheel
  creating build/bdist.linux-x86_64/wheel/cvannotate
  copying build/lib/cvannotate/types.py -> build/bdist.linux-x86_64/wheel/./cvannotate
  creating build/bdist.linux-x86_64/wheel/cvannotate/converters
  copying build/lib/cvannotate/converters/voc.py -> build/bdist.linux-x86_64/wheel/./cvannotate/converters
  copying build/lib/cvannotate/converters/coco.py -> build/bdist.linux-x86_64/wheel/./cvannotate/converters
  copying build/lib/cvannotate/converters/__init__.py -> build/bdist.linux-x86_64/wheel/./cvannotate/converters
  copying build/lib/cvannotate/converters/yolo.py -> build/bdist.linux-x86_64/wheel/./cvannotate/converters
  copying build/lib/cvannotate/convert.py -> build/bdist.linux-x86_64/wheel/./cvannotate
  copying build/lib/cvannotate/__init__.py -> build/bdist.linux-x86_64/wheel/./cvannotate
  copying build/lib/cvannotate/cli.py -> build/bdist.linux-x86_64/wheel/./cvannotate
  warning: install_lib: byte-compiling is disabled, skipping.

  running install_egg_info
  Copying cvannotate.egg-info to build/bdist.linux-x86_64/wheel/./cvannotate-0.1.0-py3.13.egg-info
  running install_scripts
  creating build/bdist.linux-x86_64/wheel/cvannotate-0.1.0.dist-info/WHEEL
  creating '/tmp/pip-wheel-xc7jmgbq/.tmp-qxitut4y/cvannotate-0.1.0-py3-none-any.whl' and adding 'build/bdist.linux-x86_64/wheel' to it
  adding 'cvannotate/__init__.py'
  adding 'cvannotate/cli.py'
  adding 'cvannotate/convert.py'
  adding 'cvannotate/types.py'
  adding 'cvannotate/converters/__init__.py'
  adding 'cvannotate/converters/coco.py'
  adding 'cvannotate/converters/voc.py'
  adding 'cvannotate/converters/yolo.py'
  adding 'cvannotate-0.1.0.dist-info/licenses/LICENSE'
  adding 'cvannotate-0.1.0.dist-info/METADATA'
  adding 'cvannotate-0.1.0.dist-info/WHEEL'
  adding 'cvannotate-0.1.0.dist-info/entry_points.txt'
  adding 'cvannotate-0.1.0.dist-info/top_level.txt'
  adding 'cvannotate-0.1.0.dist-info/RECORD'
  removing build/bdist.linux-x86_64/wheel
Copying /workspaces/cv-format-annotation-converters to /opt/conda/conda-bld/cvannotate_1749582799274/work/

Rendered as:
```yaml
package:
  name: cvannotate
  version: 0.1.0
source:
  path: /workspaces/cv-format-annotation-converters
build:
  number: '0'
  noarch: python
  entry_points:
    - cvannotate = cvannotate.cli:main
requirements:
  host:
    - _libgcc_mutex 0.1 main
    - ca-certificates 2025.2.25 h06a4308_0
    - ld_impl_linux-64 2.40 h12ee557_0
    - libstdcxx-ng 11.2.0 h1234567_1
    - python_abi 3.13 0_cp313
    - tzdata 2025b h04d1e81_0
    - libgomp 11.2.0 h1234567_1
    - _openmp_mutex 5.1 1_gnu
    - libgcc-ng 11.2.0 h1234567_1
    - bzip2 1.0.8 h5eee18b_6
    - expat 2.7.1 h6a678d5_0
    - libffi 3.4.4 h6a678d5_1
    - libmpdec 4.0.0 h5eee18b_0
    - libuuid 1.41.5 h5eee18b_0
    - ncurses 6.4 h6a678d5_0
    - openssl 3.0.16 h5eee18b_0
    - pthread-stubs 0.3 h0ce48e5_1
    - xorg-libxau 1.0.12 h9b100fa_0
    - xorg-libxdmcp 1.1.5 h9b100fa_0
    - xorg-xorgproto 2024.1 h5eee18b_1
    - xz 5.6.4 h5eee18b_1
    - zlib 1.2.13 h5eee18b_1
    - libxcb 1.17.0 h9b100fa_0
    - readline 8.2 h5eee18b_0
    - sqlite 3.45.3 h5eee18b_0
    - xorg-libx11 1.8.12 h9b100fa_1
    - tk 8.6.14 h993c535_1
    - python 3.13.4 h4612cfd_100_cp313
    - setuptools 78.1.1 py313h06a4308_0
    - wheel 0.45.1 py313h06a4308_0
    - pip 25.1 pyhc872135_2
  run:
    - python >=3.8
    - pillow
    - typer
test:
  imports:
    - cvannotate
    - cvannotate.cli
    - cvannotate.convert
    - cvannotate.converters
    - cvannotate.types
  commands:
    - cvannotate --help
    - cvannotate convert --help
  requires:
    - pytest
about:
  home: https://github.com/Echo9k/cv-format-annotation-converters
  license: MIT
  license_family: MIT
  license_file: LICENSE
  summary: Convert object detection annotations across formats
  description: 'CVAnnotate is a Python package that provides utilities to convert

    object detection annotations between different formats including:

    YOLO, Pascal VOC, and MS COCO. It includes both a command-line interface

    and a Python API for programmatic use.

    '
  doc_url: https://github.com/Echo9k/cv-format-annotation-converters
  dev_url: https://github.com/Echo9k/cv-format-annotation-converters
extra:
  recipe-maintainers:
    - Echo9k
  final: true
  copy_test_source_files: true
```

source tree in: /opt/conda/conda-bld/cvannotate_1749582799274/work
export PREFIX=/opt/conda/conda-bld/cvannotate_1749582799274/_h_env_placehold_placehold_placehold_placehold_placehold_placehold_placehold_placehold_placehold_placehold_placehold_placehold_placehold_placehold_placehold_placehold_placehold_placehold_placehold_placehold_pl
export BUILD_PREFIX=/opt/conda/conda-bld/cvannotate_1749582799274/_build_env
export SRC_DIR=/opt/conda/conda-bld/cvannotate_1749582799274/work
Using pip 25.1 from $PREFIX/lib/python3.13/site-packages/pip (python 3.13)
Non-user install because user site-packages disabled
Ignoring indexes: https://pypi.org/simple
Created temporary directory: /tmp/pip-build-tracker-uanm7khm
Initialized build tracking at /tmp/pip-build-tracker-uanm7khm
Created build tracker: /tmp/pip-build-tracker-uanm7khm
Entered build tracker: /tmp/pip-build-tracker-uanm7khm
Created temporary directory: /tmp/pip-install-fjrm6w_c
Created temporary directory: /tmp/pip-ephem-wheel-cache-apr4zl1r
Processing $SRC_DIR
  Added file://$SRC_DIR to build tracker '/tmp/pip-build-tracker-uanm7khm'
  Created temporary directory: /tmp/pip-modern-metadata-hyqka5g2
  Preparing metadata (pyproject.toml): started
  Preparing metadata (pyproject.toml): finished with status 'done'
  Source in $SRC_DIR has version 0.1.0, which satisfies requirement cvannotate==0.1.0 from file://$SRC_DIR
  Removed cvannotate==0.1.0 from file://$SRC_DIR from build tracker '/tmp/pip-build-tracker-uanm7khm'
Created temporary directory: /tmp/pip-unpack-uy6guqtp
Building wheels for collected packages: cvannotate
  Created temporary directory: /tmp/pip-wheel-xc7jmgbq
  Destination directory: /tmp/pip-wheel-xc7jmgbq
  Building wheel for cvannotate (pyproject.toml): started
  Building wheel for cvannotate (pyproject.toml): finished with status 'done'
  Created wheel for cvannotate: filename=cvannotate-0.1.0-py3-none-any.whl size=9505 sha256=1e021abea4b1e686feb601c03d2a5ae4a3aaf3d463f555fa4373c7d7de5c44ed
  Stored in directory: /tmp/pip-ephem-wheel-cache-apr4zl1r/wheels/59/4f/5d/2e5722f5423a68737de600dd97ad9cfefd9008825b50ded16b
Successfully built cvannotate
Installing collected packages: cvannotate

  changing mode of $PREFIX/bin/cvannotate to 755
Successfully installed cvannotate-0.1.0
Removed build tracker: '/tmp/pip-build-tracker-uanm7khm'
CVAnnotate version: 0.1.0

Resource usage statistics from building cvannotate:
   Process count: 4
   CPU time: Sys=0:00:00.1, User=0:00:00.5
   Memory: 92.3M
   Disk usage: 2.8K
   Time elapsed: 0:00:04.1


Packaging cvannotate
Packaging cvannotate-0.1.0-py_0
/opt/conda/lib/python3.12/site-packages/conda/base/context.py:211: FutureWarning: Adding 'defaults' to channel list implicitly is deprecated and will be removed in 25.9. 

To remove this warning, please choose a default channel explicitly with conda's regular configuration system, e.g. by adding 'defaults' to the list of channels:

  conda config --add channels defaults

For more information see https://docs.conda.io/projects/conda/en/stable/user-guide/configuration/use-condarc.html

  deprecated.topic(
WARNING: Importing conda-verify failed.  Please be sure to test your packages.  conda install conda-verify to make this message go away.
number of files: 18
Fixing permissions
Packaged license file/s.
INFO :: Time taken to mark (prefix)
        0 replacements in 0 files was 0.00 seconds
TEST START: /opt/conda/conda-bld/noarch/cvannotate-0.1.0-py_0.conda
Adding in variants from /tmp/tmpcn0e5vt1/info/recipe/conda_build_config.yaml
Renaming /opt/conda/conda-bld/cvannotate_1749582799274/_build_env prefix directory '/opt/conda/conda-bld/cvannotate_1749582799274/_build_env' to '/opt/conda/conda-bld/cvannotate_1749582799274/build_prefix_moved_cvannotate-0.1.0-py_0_linux-64'
shutil.move(/opt/conda/conda-bld/cvannotate_1749582799274/_build_env prefix)=/opt/conda/conda-bld/cvannotate_1749582799274/_build_env, dest=/opt/conda/conda-bld/cvannotate_1749582799274/build_prefix_moved_cvannotate-0.1.0-py_0_linux-64)
Renaming work directory '/opt/conda/conda-bld/cvannotate_1749582799274/work' to '/opt/conda/conda-bld/cvannotate_1749582799274/work_moved_cvannotate-0.1.0-py_0_noarch'
shutil.move(work)=/opt/conda/conda-bld/cvannotate_1749582799274/work, dest=/opt/conda/conda-bld/cvannotate_1749582799274/work_moved_cvannotate-0.1.0-py_0_noarch)
Reloading output folder: ...working... done
Solving environment (_test_env): ...working... done

## Package Plan ##

  environment location: /opt/conda/conda-bld/cvannotate_1749582799274/_test_env_placehold_placehold_placehold_placehold_placehold_placehold_placehold_placehold_placehold_placehold_placehold_placehold_placehold_placehold_placehold_placehold_placehold_placehold_placehold_placeho


The following NEW packages will be INSTALLED:

    _libgcc_mutex:     0.1-main                       
    _openmp_mutex:     5.1-1_gnu                      
    bzip2:             1.0.8-h5eee18b_6               
    ca-certificates:   2025.2.25-h06a4308_0           
    click:             8.1.8-py313h06a4308_0          
    colorama:          0.4.6-py313h06a4308_0          
    cvannotate:        0.1.0-py_0                local
    expat:             2.7.1-h6a678d5_0               
    freetype:          2.13.3-h4a9f257_0              
    iniconfig:         1.1.1-pyhd3eb1b0_0             
    jpeg:              9e-h5eee18b_3                  
    lcms2:             2.16-h92b89f2_1                
    ld_impl_linux-64:  2.40-h12ee557_0                
    lerc:              4.0.0-h6a678d5_0               
    libdeflate:        1.22-h5eee18b_0                
    libffi:            3.4.4-h6a678d5_1               
    libgcc-ng:         11.2.0-h1234567_1              
    libgomp:           11.2.0-h1234567_1              
    libmpdec:          4.0.0-h5eee18b_0               
    libpng:            1.6.39-h5eee18b_0              
    libstdcxx-ng:      11.2.0-h1234567_1              
    libtiff:           4.7.0-hde9077f_0               
    libuuid:           1.41.5-h5eee18b_0              
    libwebp-base:      1.3.2-h5eee18b_1               
    libxcb:            1.17.0-h9b100fa_0              
    lz4-c:             1.9.4-h6a678d5_1               
    markdown-it-py:    2.2.0-py313h06a4308_1          
    mdurl:             0.1.0-py313h06a4308_0          
    ncurses:           6.4-h6a678d5_0                 
    openjpeg:          2.5.2-h0d4d230_1               
    openssl:           3.0.16-h5eee18b_0              
    packaging:         24.2-py313h06a4308_0           
    pillow:            11.1.0-py313hac6e08b_1         
    pip:               25.1-pyhc872135_2              
    pluggy:            1.5.0-py313h06a4308_0          
    pthread-stubs:     0.3-h0ce48e5_1                 
    pygments:          2.19.1-py313h06a4308_0         
    pytest:            8.3.4-py313h06a4308_0          
    python:            3.13.4-h4612cfd_100_cp313      
    python_abi:        3.13-0_cp313                   
    readline:          8.2-h5eee18b_0                 
    rich:              13.9.4-py313h06a4308_0         
    setuptools:        78.1.1-py313h06a4308_0         
    shellingham:       1.5.0-py313h06a4308_0          
    sqlite:            3.45.3-h5eee18b_0              
    tk:                8.6.14-h993c535_1              
    typer:             0.9.0-py313h06a4308_0          
    typing-extensions: 4.12.2-py313h06a4308_0         
    typing_extensions: 4.12.2-py313h06a4308_0         
    tzdata:            2025b-h04d1e81_0               
    wheel:             0.45.1-py313h06a4308_0         
    xorg-libx11:       1.8.12-h9b100fa_1              
    xorg-libxau:       1.0.12-h9b100fa_0              
    xorg-libxdmcp:     1.1.5-h9b100fa_0               
    xorg-xorgproto:    2024.1-h5eee18b_1              
    xz:                5.6.4-h5eee18b_1               
    zlib:              1.2.13-h5eee18b_1              
    zstd:              1.5.6-hc292b87_0               

Preparing transaction: ...working... done
Verifying transaction: ...working... done
Executing transaction: ...working... done
+ cvannotate --help
+ cvannotate convert --help
+ exit 0
export PREFIX=/opt/conda/conda-bld/cvannotate_1749582799274/_test_env_placehold_placehold_placehold_placehold_placehold_placehold_placehold_placehold_placehold_placehold_placehold_placehold_placehold_placehold_placehold_placehold_placehold_placehold_placehold_placeho
export SRC_DIR=/opt/conda/conda-bld/cvannotate_1749582799274/test_tmp
import: 'cvannotate'
import: 'cvannotate.cli'
import: 'cvannotate.convert'
import: 'cvannotate.converters'
import: 'cvannotate.types'
import: 'cvannotate'
import: 'cvannotate.cli'
import: 'cvannotate.convert'
import: 'cvannotate.converters'
import: 'cvannotate.types'
                                                                                
 Usage: cvannotate [OPTIONS] COMMAND [ARGS]...                                  
                                                                                
 cvannotate command line interface.                                             
                                                                                
╭─ Options ────────────────────────────────────────────────────────────────────╮
│ --help          Show this message and exit.                                  │
╰──────────────────────────────────────────────────────────────────────────────╯
╭─ Commands ───────────────────────────────────────────────────────────────────╮
│ convert                                                                      │
╰──────────────────────────────────────────────────────────────────────────────╯

                                                                                
 Usage: cvannotate convert [OPTIONS]                                            
                                                                                
╭─ Options ────────────────────────────────────────────────────────────────────╮
│ *                 -i      TEXT     Input annotation file [default: None]     │
│                                    [required]                                │
│ *                 -o      TEXT     Output directory [default: None]          │
│                                    [required]                                │
│ *  --from-format          TEXT     Input format [default: None] [required]   │
│ *  --to-format    -f      TEXT     Output format [default: None] [required]  │
│                   -w      INTEGER  Image width for YOLO [default: None]      │
│    --height               INTEGER  Image height for YOLO [default: None]     │
│ *                 -c      TEXT     Path to classes file or comma separated   │
│                                    list                                      │
│                                    [default: None]                           │
│                                    [required]                                │
│    --verbose                       Verbose output                            │
│    --force                         Overwrite output files                    │
│    --help                          Show this message and exit.               │
╰──────────────────────────────────────────────────────────────────────────────╯


Resource usage statistics from testing cvannotate:
   Process count: 2
   CPU time: Sys=0:00:00.0, User=0:00:00.0
   Memory: 15.0M
   Disk usage: 28B
   Time elapsed: 0:00:02.0


TEST END: /opt/conda/conda-bld/noarch/cvannotate-0.1.0-py_0.conda
Renaming work directory '/opt/conda/conda-bld/cvannotate_1749582799274/work' to '/opt/conda/conda-bld/cvannotate_1749582799274/work_moved_cvannotate-0.1.0-py_0_linux-64_main_build_loop'
shutil.move(work)=/opt/conda/conda-bld/cvannotate_1749582799274/work, dest=/opt/conda/conda-bld/cvannotate_1749582799274/work_moved_cvannotate-0.1.0-py_0_linux-64_main_build_loop)
# Automatic uploading is disabled
# If you want to upload package(s) to anaconda.org later, type:


# To have conda build upload to anaconda.org automatically, use
# conda config --set anaconda_upload yes
anaconda upload \
    /opt/conda/conda-bld/noarch/cvannotate-0.1.0-py_0.conda
anaconda_upload is not set.  Not uploading wheels: []

INFO :: The inputs making up the hashes for the built packages are as follows:
{
  "cvannotate-0.1.0-py_0.conda": {
    "recipe": {}
  }
}


####################################################################################
Resource usage summary:

Total time: 0:00:26.8
CPU usage: sys=0:00:00.1, user=0:00:00.5
Maximum memory usage observed: 92.3M
Total disk usage observed (not including envs): 2.8K


####################################################################################
Source and build intermediates have been left in /opt/conda/conda-bld.
There are currently 5 accumulated.
To remove them, you can run the ```conda build purge``` command
